<?xml version="1.0" encoding="UTF-8"?>
<!-- Generated by org.testng.reporters.JUnitXMLReporter -->
<testsuite ignored="0" hostname="Gurleens-iMac.local" failures="1" tests="11" name="Test" time="0.136" errors="0" timestamp="2021-10-18T21:18:47 EDT">
  <testcase classname="MavenPractice.Testing1" name="test1" time="0.01"/>
  <testcase classname="MavenPractice.Testing1" name="test1" time="0.001"/>
  <testcase classname="MavenPractice.Testing1" name="test2" time="0.001"/>
  <testcase classname="MavenPractice.Testing1" name="test3" time="0.002"/>
  <testcase classname="MavenPractice.Testing1" name="testDataProvider" time="0.003"/>
  <testcase classname="MavenPractice.Testing1" name="testDataProvider" time="0.002"/>
  <testcase classname="MavenPractice.Testing2" name="test4" time="0.007"/>
  <testcase classname="MavenPractice.Testing2" name="test5" time="0.003"/>
  <testcase classname="MavenPractice.Testing3" name="createUser" time="0.003"/>
  <testcase classname="MavenPractice.Testing3" name="editUser" time="0.004">
    <failure type="java.lang.AssertionError" message="The following asserts failed:
	verifying Elemnet expected [true] but found [false]">
      <![CDATA[java.lang.AssertionError: The following asserts failed:
verifying Elemnet expected [true] but found [false]
at MavenPractice.Testing3.editUser(Testing3.java:28)
at java.base/java.util.ArrayList.forEach(ArrayList.java:1511)
... Removed 29 stack frames]]>
    </failure>
  </testcase> <!-- editUser -->
  <testcase classname="MavenPractice.Testing3" name="deleteUser" time="0.001">
    <skipped/>
  </testcase> <!-- deleteUser -->
</testsuite> <!-- Test -->
